<?xml version="1.0" encoding="UTF-8"?>
<!-- Generated by org.testng.reporters.JUnitReportReporter -->
<testsuite skipped="0" hostname="Vipul" name="com.qavipul.VipulTest.LoginPage" tests="1" failures="0" timestamp="2021-05-28T12:32:05 EDT" time="13.726" errors="0">
  <testcase name="LMSTesting" time="13.726" classname="com.qavipul.VipulTest.LoginPage"/>
</testsuite> <!-- com.qavipul.VipulTest.LoginPage -->
